<?xml version="1.0" encoding="UTF-8"?>
<testng-results skipped="0" failed="0" total="1" passed="1">
  <reporter-output>
  </reporter-output>
  <suite name="Default suite" duration-ms="9176" started-at="2016-03-04T14:31:22Z" finished-at="2016-03-04T14:31:32Z">
    <groups>
    </groups>
    <test name="Default test" duration-ms="9176" started-at="2016-03-04T14:31:22Z" finished-at="2016-03-04T14:31:32Z">
      <class name="com.mmt.login.Login">
        <test-method status="PASS" signature="beforeTest()[pri:0, instance:com.mmt.login.Login@c818063]" name="beforeTest" is-config="true" duration-ms="5443" started-at="2016-03-04T20:01:22Z" finished-at="2016-03-04T20:01:28Z">
          <reporter-output>
          </reporter-output>
        </test-method> <!-- beforeTest -->
        <test-method status="PASS" signature="test()[pri:0, instance:com.mmt.login.Login@c818063]" name="test" duration-ms="3725" started-at="2016-03-04T20:01:28Z" finished-at="2016-03-04T20:01:32Z">
          <reporter-output>
          </reporter-output>
        </test-method> <!-- test -->
      </class> <!-- com.mmt.login.Login -->
    </test> <!-- Default test -->
  </suite> <!-- Default suite -->
</testng-results>
